[13:11:59] [Client thread/INFO]: Setting user: Player758
[13:12:04] [Client thread/INFO]: LWJGL Version: 2.9.1
[13:12:12] [Client thread/INFO]: Reloading ResourceManager: Default, FMLFileResourcePack:Forge Mod Loader, FMLFileResourcePack:Minecraft Forge, FMLFileResourcePack:PatTech
[13:12:13] [Sound Library Loader/INFO]: Starting up SoundSystem...
[13:12:14] [Thread-9/INFO]: Initializing LWJGL OpenAL
[13:12:14] [Thread-9/INFO]: (The LWJGL binding of OpenAL.  For more information, see http://www.lwjgl.org)
[13:12:14] [Thread-9/INFO]: OpenAL initialized.
[13:12:14] [Sound Library Loader/INFO]: Sound engine started
[13:12:24] [Client thread/INFO]: Created: 16x16 textures-atlas
[13:12:27] [Client thread/INFO]: Reloading ResourceManager: Default, FMLFileResourcePack:Forge Mod Loader, FMLFileResourcePack:Minecraft Forge, FMLFileResourcePack:PatTech
[13:12:27] [Client thread/INFO]: SoundSystem shutting down...
[13:12:27] [Client thread/WARN]: Author: Paul Lamb, www.paulscode.com
[13:12:27] [Sound Library Loader/INFO]: Starting up SoundSystem...
[13:12:28] [Thread-11/INFO]: Initializing LWJGL OpenAL
[13:12:28] [Thread-11/INFO]: (The LWJGL binding of OpenAL.  For more information, see http://www.lwjgl.org)
[13:12:28] [Thread-11/INFO]: OpenAL initialized.
[13:12:28] [Sound Library Loader/INFO]: Sound engine started
[13:12:38] [Client thread/INFO]: Created: 512x512 textures-atlas
[13:13:38] [Server thread/INFO]: Starting integrated minecraft server version 1.8
[13:13:38] [Server thread/INFO]: Generating keypair
[13:13:38] [Server thread/INFO]: Preparing start region for level 0
[13:13:39] [Server thread/INFO]: Preparing spawn area: 28%
[13:13:40] [Server thread/INFO]: Changing view distance to 12, from 10
[13:13:43] [Server thread/INFO]: Player758[local:E:0f33758b] logged in with entity id 0 at (242.59032846224386, 88.0, -98.26979715914881)
[13:13:43] [Server thread/INFO]: Player758 joined the game
[13:13:45] [pool-2-thread-1/WARN]: Couldn't look up profile properties for com.mojang.authlib.GameProfile@4374c46e[id=92f8a523-1476-36c1-a74b-ef7c8b1d0bfd,name=Player758,properties={},legacy=false]
com.mojang.authlib.exceptions.AuthenticationException: The client has sent too many requests within a certain amount of time
	at com.mojang.authlib.yggdrasil.YggdrasilAuthenticationService.makeRequest(YggdrasilAuthenticationService.java:65) ~[YggdrasilAuthenticationService.class:?]
	at com.mojang.authlib.yggdrasil.YggdrasilMinecraftSessionService.fillGameProfile(YggdrasilMinecraftSessionService.java:158) [YggdrasilMinecraftSessionService.class:?]
	at com.mojang.authlib.yggdrasil.YggdrasilMinecraftSessionService$1.load(YggdrasilMinecraftSessionService.java:53) [YggdrasilMinecraftSessionService$1.class:?]
	at com.mojang.authlib.yggdrasil.YggdrasilMinecraftSessionService$1.load(YggdrasilMinecraftSessionService.java:50) [YggdrasilMinecraftSessionService$1.class:?]
	at com.google.common.cache.LocalCache$LoadingValueReference.loadFuture(LocalCache.java:3524) [guava-17.0.jar:?]
	at com.google.common.cache.LocalCache$Segment.loadSync(LocalCache.java:2317) [guava-17.0.jar:?]
	at com.google.common.cache.LocalCache$Segment.lockedGetOrLoad(LocalCache.java:2280) [guava-17.0.jar:?]
	at com.google.common.cache.LocalCache$Segment.get(LocalCache.java:2195) [guava-17.0.jar:?]
	at com.google.common.cache.LocalCache.get(LocalCache.java:3934) [guava-17.0.jar:?]
	at com.google.common.cache.LocalCache.getOrLoad(LocalCache.java:3938) [guava-17.0.jar:?]
	at com.google.common.cache.LocalCache$LocalLoadingCache.get(LocalCache.java:4821) [guava-17.0.jar:?]
	at com.google.common.cache.LocalCache$LocalLoadingCache.getUnchecked(LocalCache.java:4827) [guava-17.0.jar:?]
	at com.mojang.authlib.yggdrasil.YggdrasilMinecraftSessionService.fillProfileProperties(YggdrasilMinecraftSessionService.java:148) [YggdrasilMinecraftSessionService.class:?]
	at net.minecraft.client.resources.SkinManager$3.run(SkinManager.java:138) [SkinManager$3.class:?]
	at java.util.concurrent.Executors$RunnableAdapter.call(Unknown Source) [?:1.8.0_51]
	at java.util.concurrent.FutureTask.run(Unknown Source) [?:1.8.0_51]
	at java.util.concurrent.ThreadPoolExecutor.runWorker(Unknown Source) [?:1.8.0_51]
	at java.util.concurrent.ThreadPoolExecutor$Worker.run(Unknown Source) [?:1.8.0_51]
	at java.lang.Thread.run(Unknown Source) [?:1.8.0_51]
[13:13:46] [Server thread/INFO]: Saving and pausing game...
[13:13:46] [Server thread/INFO]: Saving chunks for level 'New World'/Overworld
[13:13:46] [Server thread/INFO]: Saving chunks for level 'New World'/Nether
[13:13:46] [Server thread/INFO]: Saving chunks for level 'New World'/The End
[13:21:58] [Server thread/INFO]: Saving and pausing game...
[13:21:58] [Server thread/INFO]: Saving chunks for level 'New World'/Overworld
[13:21:58] [Server thread/INFO]: Saving chunks for level 'New World'/Nether
[13:21:58] [Server thread/INFO]: Saving chunks for level 'New World'/The End
[13:21:59] [Server thread/INFO]: Player758 has just earned the achievement [Taking Inventory]
[13:21:59] [Client thread/INFO]: [CHAT] Player758 has just earned the achievement [Taking Inventory]
[13:22:05] [Client thread/INFO]: [CHAT] There is no such item with name minecraft:oak
[13:22:09] [Client thread/INFO]: [CHAT] There is no such item with name minecraft:oak_wood
[13:22:13] [Client thread/INFO]: [CHAT] There is no such item with name minecraft:oak_wood_log
[13:22:18] [Server thread/INFO]: [Player758: Set own game mode to Creative Mode]
[13:22:18] [Client thread/INFO]: [CHAT] Your game mode has been updated
[13:22:26] [Client thread/INFO]: [CHAT] '0'' is not a valid number
[13:22:29] [Server thread/INFO]: [Player758: Set own game mode to Survival Mode]
[13:22:29] [Client thread/INFO]: [CHAT] Your game mode has been updated
[13:22:36] [Server thread/INFO]: Player758 has just earned the achievement [Getting Wood]
[13:22:36] [Client thread/INFO]: [CHAT] Player758 has just earned the achievement [Getting Wood]
[13:22:54] [Server thread/INFO]: Saving and pausing game...
[13:22:54] [Server thread/INFO]: Saving chunks for level 'New World'/Overworld
[13:22:54] [Server thread/INFO]: Saving chunks for level 'New World'/Nether
[13:22:54] [Server thread/INFO]: Saving chunks for level 'New World'/The End
[13:23:04] [Server thread/INFO]: [Player758: Set own game mode to Creative Mode]
[13:23:04] [Client thread/INFO]: [CHAT] Your game mode has been updated
[13:23:09] [Server thread/INFO]: Saving and pausing game...
[13:23:09] [Server thread/INFO]: Saving chunks for level 'New World'/Overworld
[13:23:09] [Server thread/INFO]: Saving chunks for level 'New World'/Nether
[13:23:09] [Server thread/INFO]: Saving chunks for level 'New World'/The End
[13:30:36] [Server thread/INFO]: [Player758: Set own game mode to Survival Mode]
[13:30:36] [Client thread/INFO]: [CHAT] Your game mode has been updated
[13:30:37] [Server thread/INFO]: Saving and pausing game...
[13:30:37] [Server thread/INFO]: Saving chunks for level 'New World'/Overworld
[13:30:38] [Server thread/INFO]: Saving chunks for level 'New World'/Nether
[13:30:38] [Server thread/INFO]: Saving chunks for level 'New World'/The End
[13:30:55] [Server thread/INFO]: Saving and pausing game...
[13:30:55] [Server thread/INFO]: Saving chunks for level 'New World'/Overworld
[13:30:55] [Server thread/INFO]: Saving chunks for level 'New World'/Nether
[13:30:55] [Server thread/INFO]: Saving chunks for level 'New World'/The End
